TN:
SF:contracts/DkargoVerifyingPaymaster.sol
DA:22,21
FN:22,DkargoVerifyingPaymaster.constructor
FNDA:21,DkargoVerifyingPaymaster.constructor
DA:23,20
DA:38,2
FN:38,DkargoVerifyingPaymaster.getHash
FNDA:2,DkargoVerifyingPaymaster.getHash
DA:40,5
DA:41,5
DA:42,5
DA:60,4
FN:60,DkargoVerifyingPaymaster._validatePaymasterUserOp
FNDA:4,DkargoVerifyingPaymaster._validatePaymasterUserOp
DA:61,4
DA:65,4
BRDA:65,0,0,1
BRDA:65,0,1,3
DA:67,3
DA:69,3
DA:71,2
BRDA:71,1,0,2
DA:72,2
DA:75,1
DA:79,1
FN:79,DkargoVerifyingPaymaster.parsePaymasterAndData
FNDA:1,DkargoVerifyingPaymaster.parsePaymasterAndData
DA:80,5
DA:81,5
DA:84,3
FN:84,DkargoVerifyingPaymaster.setPaymasterSigner
FNDA:3,DkargoVerifyingPaymaster.setPaymasterSigner
DA:85,2
FNF:5
FNH:5
LF:19
LH:19
BRF:3
BRH:3
end_of_record
TN:
SF:contracts/base/BasePaymaster.sol
DA:24,21
FN:24,BasePaymaster.constructor
FNDA:21,BasePaymaster.constructor
DA:25,21
DA:26,20
DA:34,2
FN:34,BasePaymaster.addStake
FNDA:2,BasePaymaster.addStake
DA:35,2
DA:42,1
FN:42,BasePaymaster.unlockStake
FNDA:1,BasePaymaster.unlockStake
DA:43,1
DA:51,1
FN:51,BasePaymaster.withdrawStake
FNDA:1,BasePaymaster.withdrawStake
DA:52,1
DA:56,2
FN:56,BasePaymaster.postOp
FNDA:2,BasePaymaster.postOp
DA:65,2
DA:66,1
DA:70,5
FN:70,BasePaymaster.validatePaymasterUserOp
FNDA:5,BasePaymaster.validatePaymasterUserOp
DA:79,5
DA:80,4
DA:86,4
FN:86,BasePaymaster.deposit
FNDA:4,BasePaymaster.deposit
DA:87,4
DA:95,1
FN:95,BasePaymaster.withdrawTo
FNDA:1,BasePaymaster.withdrawTo
DA:96,1
DA:102,3
FN:102,BasePaymaster.getDeposit
FNDA:3,BasePaymaster.getDeposit
DA:103,3
DA:108,21
FN:108,BasePaymaster._validateEntryPointInterface
FNDA:21,BasePaymaster._validateEntryPointInterface
DA:109,21
BRDA:109,0,0,1
BRDA:109,0,1,20
DA:145,1
FN:145,BasePaymaster._postOp
FNDA:1,BasePaymaster._postOp
DA:156,1
DA:162,7
FN:162,BasePaymaster._requireFromEntryPoint
FNDA:7,BasePaymaster._requireFromEntryPoint
DA:163,7
BRDA:163,1,0,2
BRDA:163,1,1,5
FNF:12
FNH:12
LF:27
LH:27
BRF:4
BRH:4
end_of_record
TN:
SF:contracts/common/PaymasterSigner.sol
DA:20,22
FN:20,PaymasterSigner._setSigner
FNDA:22,PaymasterSigner._setSigner
DA:21,22
BRDA:21,0,0,1
DA:22,1
DA:24,21
DA:28,3
FN:28,PaymasterSigner.getSigner
FNDA:3,PaymasterSigner.getSigner
DA:29,6
DA:33,3
FN:33,PaymasterSigner._isPaymasterSign
FNDA:3,PaymasterSigner._isPaymasterSign
DA:37,3
DA:38,3
FNF:3
FNH:3
LF:9
LH:9
BRF:1
BRH:1
end_of_record
TN:
SF:test/foundry/base/TestBase.sol
DA:34,1
FN:34,TestBase.prankModifier
FNDA:1,TestBase.prankModifier
DA:35,1
DA:37,1
DA:40,19
FN:40,TestBase.setupTestEnvironment
FNDA:19,TestBase.setupTestEnvironment
DA:42,19
DA:43,19
DA:46,133
FN:46,TestBase.createAndFundWallet
FNDA:133,TestBase.createAndFundWallet
DA:47,133
DA:48,133
DA:49,133
DA:50,133
DA:53,19
FN:53,TestBase.setupWallets
FNDA:19,TestBase.setupWallets
DA:54,19
DA:55,19
DA:56,19
DA:57,19
DA:58,19
DA:60,19
DA:61,19
DA:64,19
FN:64,TestBase.deployTestContracts
FNDA:19,TestBase.deployTestContracts
DA:65,19
DA:66,19
DA:67,19
DA:69,19
DA:70,19
DA:77,1
FN:77,Dummy.supportsInterface
FNDA:1,Dummy.supportsInterface
DA:78,1
FNF:6
FNH:6
LF:27
LH:27
BRF:0
BRH:0
end_of_record
