TN:
SF:contracts/DkargoVerifyingPaymaster.sol
DA:22,14
FN:22,DkargoVerifyingPaymaster.constructor
FNDA:14,DkargoVerifyingPaymaster.constructor
DA:23,14
DA:38,2
FN:38,DkargoVerifyingPaymaster.getHash
FNDA:2,DkargoVerifyingPaymaster.getHash
DA:40,4
DA:41,4
DA:42,4
DA:60,2
FN:60,DkargoVerifyingPaymaster._validatePaymasterUserOp
FNDA:2,DkargoVerifyingPaymaster._validatePaymasterUserOp
DA:61,2
DA:65,2
BRDA:65,0,0,-
BRDA:65,0,1,2
DA:67,2
DA:69,2
DA:71,2
BRDA:71,1,0,2
DA:72,2
DA:75,0
DA:79,0
FN:79,DkargoVerifyingPaymaster.parsePaymasterAndData
FNDA:0,DkargoVerifyingPaymaster.parsePaymasterAndData
DA:80,2
DA:81,2
DA:84,3
FN:84,DkargoVerifyingPaymaster.setPaymasterSigner
FNDA:3,DkargoVerifyingPaymaster.setPaymasterSigner
DA:85,2
DA:94,0
FN:94,DkargoVerifyingPaymaster._postOp
FNDA:0,DkargoVerifyingPaymaster._postOp
FNF:6
FNH:4
LF:20
LH:17
BRF:3
BRH:2
end_of_record
TN:
SF:contracts/base/BasePaymaster.sol
DA:24,14
FN:24,BasePaymaster.constructor
FNDA:14,BasePaymaster.constructor
DA:25,14
DA:26,14
DA:34,2
FN:34,BasePaymaster.addStake
FNDA:2,BasePaymaster.addStake
DA:35,2
DA:42,1
FN:42,BasePaymaster.unlockStake
FNDA:1,BasePaymaster.unlockStake
DA:43,1
DA:51,1
FN:51,BasePaymaster.withdrawStake
FNDA:1,BasePaymaster.withdrawStake
DA:52,1
DA:56,1
FN:56,BasePaymaster.postOp
FNDA:1,BasePaymaster.postOp
DA:65,1
DA:66,0
DA:70,3
FN:70,BasePaymaster.validatePaymasterUserOp
FNDA:3,BasePaymaster.validatePaymasterUserOp
DA:79,3
DA:80,2
DA:86,4
FN:86,BasePaymaster.deposit
FNDA:4,BasePaymaster.deposit
DA:87,4
DA:95,1
FN:95,BasePaymaster.withdrawTo
FNDA:1,BasePaymaster.withdrawTo
DA:96,1
DA:102,3
FN:102,BasePaymaster.getDeposit
FNDA:3,BasePaymaster.getDeposit
DA:103,3
DA:108,14
FN:108,BasePaymaster._validateEntryPointInterface
FNDA:14,BasePaymaster._validateEntryPointInterface
DA:109,14
BRDA:109,0,0,-
BRDA:109,0,1,14
DA:145,0
FN:145,BasePaymaster._postOp
FNDA:0,BasePaymaster._postOp
DA:156,0
DA:162,4
FN:162,BasePaymaster._requireFromEntryPoint
FNDA:4,BasePaymaster._requireFromEntryPoint
DA:163,4
BRDA:163,1,0,2
BRDA:163,1,1,2
DA:169,0
FN:169,BasePaymaster._isContract
FNDA:0,BasePaymaster._isContract
DA:170,0
DA:172,0
DA:174,0
FNF:13
FNH:11
LF:31
LH:24
BRF:4
BRH:3
end_of_record
TN:
SF:contracts/common/PaymasterSigner.sol
DA:20,16
FN:20,PaymasterSigner._setSigner
FNDA:16,PaymasterSigner._setSigner
DA:21,16
BRDA:21,0,0,1
DA:22,1
DA:24,15
DA:28,3
FN:28,PaymasterSigner.getSigner
FNDA:3,PaymasterSigner.getSigner
DA:29,5
DA:33,2
FN:33,PaymasterSigner._isPaymasterSign
FNDA:2,PaymasterSigner._isPaymasterSign
DA:37,2
DA:38,2
FNF:3
FNH:3
LF:9
LH:9
BRF:1
BRH:1
end_of_record
